{
  "RSpec": {
    "coverage": {
      "/app/app/helpers/application_helper.rb": [
        1,
        null
      ],
      "/app/app/helpers/projects_helper.rb": [
        1,
        null
      ],
      "/app/app/controllers/projects_controller.rb": [
        1,
        1,
        null,
        null,
        null,
        1,
        1,
        null,
        null,
        null,
        null,
        1,
        null,
        null,
        null,
        1,
        1,
        null,
        null,
        null,
        1,
        null,
        null,
        null,
        null,
        1,
        0,
        null,
        0,
        0,
        0,
        0,
        null,
        0,
        0,
        null,
        null,
        null,
        null,
        null,
        null,
        1,
        0,
        0,
        0,
        0,
        null,
        0,
        0,
        null,
        null,
        null,
        null,
        null,
        null,
        1,
        0,
        0,
        0,
        0,
        null,
        null,
        null,
        1,
        null,
        1,
        0,
        null,
        null,
        null,
        1,
        0,
        null,
        null
      ],
      "/app/app/controllers/application_controller.rb": [
        1,
        1,
        null
      ],
      "/app/app/models/project.rb": [
        1,
        null
      ],
      "/app/app/models/application_record.rb": [
        1,
        1,
        null
      ],
      "/app/app/mailers/application_mailer.rb": [
        0,
        0,
        0,
        0
      ],
      "/app/app/jobs/application_job.rb": [
        0,
        0
      ],
      "/app/app/controllers/posts_controller.rb": [
        0,
        0,
        0,
        0
      ],
      "/app/app/channels/application_cable/connection.rb": [
        0,
        0,
        0,
        0
      ],
      "/app/app/channels/application_cable/channel.rb": [
        0,
        0,
        0,
        0
      ]
    },
    "timestamp": 1541052980
  }
}
